<?xml version="1.0" encoding="UTF-8"?>
<testng-results ignored="0" total="9" passed="9" failed="0" skipped="0">
  <reporter-output>
  </reporter-output>
  <suite started-at="2024-10-07T01:43:24 IST" name="Default suite" finished-at="2024-10-07T01:44:05 IST" duration-ms="40669">
    <groups>
    </groups>
    <test started-at="2024-10-07T01:43:24 IST" name="Default test" finished-at="2024-10-07T01:44:05 IST" duration-ms="40669">
      <class name="RestAssuredApiTesting.UserApiTesting">
        <test-method signature="deleteUser()[pri:0, instance:RestAssuredApiTesting.UserApiTesting@4659191b]" started-at="2024-10-07T01:43:25 IST" name="deleteUser" finished-at="2024-10-07T01:43:44 IST" duration-ms="19003" status="PASS">
          <reporter-output>
          </reporter-output>
        </test-method> <!-- deleteUser -->
        <test-method signature="filterUsersByKeyValue()[pri:0, instance:RestAssuredApiTesting.UserApiTesting@4659191b]" started-at="2024-10-07T01:43:44 IST" name="filterUsersByKeyValue" finished-at="2024-10-07T01:43:46 IST" duration-ms="2156" status="PASS">
          <reporter-output>
          </reporter-output>
        </test-method> <!-- filterUsersByKeyValue -->
        <test-method signature="getAllUsers()[pri:0, instance:RestAssuredApiTesting.UserApiTesting@4659191b]" started-at="2024-10-07T01:43:46 IST" name="getAllUsers" finished-at="2024-10-07T01:43:47 IST" duration-ms="1385" status="PASS">
          <reporter-output>
          </reporter-output>
        </test-method> <!-- getAllUsers -->
        <test-method signature="getAuthUser()[pri:0, instance:RestAssuredApiTesting.UserApiTesting@4659191b]" started-at="2024-10-07T01:43:48 IST" name="getAuthUser" finished-at="2024-10-07T01:44:00 IST" duration-ms="12121" status="PASS">
          <reporter-output>
          </reporter-output>
        </test-method> <!-- getAuthUser -->
        <test-method signature="getSingleUser()[pri:0, instance:RestAssuredApiTesting.UserApiTesting@4659191b]" started-at="2024-10-07T01:44:00 IST" name="getSingleUser" finished-at="2024-10-07T01:44:01 IST" duration-ms="1027" status="PASS">
          <reporter-output>
          </reporter-output>
        </test-method> <!-- getSingleUser -->
        <test-method signature="limitAndSkipUsers()[pri:0, instance:RestAssuredApiTesting.UserApiTesting@4659191b]" started-at="2024-10-07T01:44:01 IST" name="limitAndSkipUsers" finished-at="2024-10-07T01:44:02 IST" duration-ms="1276" status="PASS">
          <reporter-output>
          </reporter-output>
        </test-method> <!-- limitAndSkipUsers -->
        <test-method signature="loginUser()[pri:0, instance:RestAssuredApiTesting.UserApiTesting@4659191b]" started-at="2024-10-07T01:44:02 IST" name="loginUser" finished-at="2024-10-07T01:44:03 IST" duration-ms="946" status="PASS">
          <reporter-output>
          </reporter-output>
        </test-method> <!-- loginUser -->
        <test-method signature="searchUsers()[pri:0, instance:RestAssuredApiTesting.UserApiTesting@4659191b]" started-at="2024-10-07T01:44:03 IST" name="searchUsers" finished-at="2024-10-07T01:44:04 IST" duration-ms="1107" status="PASS">
          <reporter-output>
          </reporter-output>
        </test-method> <!-- searchUsers -->
        <test-method signature="updateUser()[pri:0, instance:RestAssuredApiTesting.UserApiTesting@4659191b]" started-at="2024-10-07T01:44:04 IST" name="updateUser" finished-at="2024-10-07T01:44:05 IST" duration-ms="941" status="PASS">
          <reporter-output>
          </reporter-output>
        </test-method> <!-- updateUser -->
      </class> <!-- RestAssuredApiTesting.UserApiTesting -->
    </test> <!-- Default test -->
  </suite> <!-- Default suite -->
</testng-results>
