<?xml version="1.0" encoding="UTF-8"?>
<!-- Generated by org.testng.reporters.JUnitXMLReporter -->
<testsuite ignored="0" hostname="Rajit_4966" failures="0" tests="9" name="Default test" time="40.669" errors="0" timestamp="2024-10-07T01:44:05 IST">
  <testcase classname="RestAssuredApiTesting.UserApiTesting" name="deleteUser" time="19.003"/>
  <testcase classname="RestAssuredApiTesting.UserApiTesting" name="filterUsersByKeyValue" time="2.156"/>
  <testcase classname="RestAssuredApiTesting.UserApiTesting" name="getAllUsers" time="1.385"/>
  <testcase classname="RestAssuredApiTesting.UserApiTesting" name="getAuthUser" time="12.121"/>
  <testcase classname="RestAssuredApiTesting.UserApiTesting" name="getSingleUser" time="1.027"/>
  <testcase classname="RestAssuredApiTesting.UserApiTesting" name="limitAndSkipUsers" time="1.276"/>
  <testcase classname="RestAssuredApiTesting.UserApiTesting" name="loginUser" time="0.946"/>
  <testcase classname="RestAssuredApiTesting.UserApiTesting" name="searchUsers" time="1.107"/>
  <testcase classname="RestAssuredApiTesting.UserApiTesting" name="updateUser" time="0.941"/>
</testsuite> <!-- Default test -->
